  main.cpp
  ofApp.cpp
  ofxJSONElement.cpp
  jsoncpp.cpp
c:\users\xiaomi\documents\of_v0.9.7_vs_release\of_v0.9.7_vs_release\libs\openframeworks\math\ofVec3f.h : warning C4819: The file contains a character that cannot be represented in the current code page (936). Save the file in Unicode format to prevent data loss (compiling source file src\main.cpp)
c:\users\xiaomi\documents\of_v0.9.7_vs_release\of_v0.9.7_vs_release\libs\openframeworks\math\ofVec2f.h : warning C4819: The file contains a character that cannot be represented in the current code page (936). Save the file in Unicode format to prevent data loss (compiling source file src\main.cpp)
c:\users\xiaomi\documents\of_v0.9.7_vs_release\of_v0.9.7_vs_release\libs\openframeworks\math\ofVec3f.h : warning C4819: The file contains a character that cannot be represented in the current code page (936). Save the file in Unicode format to prevent data loss (compiling source file src\ofApp.cpp)
c:\users\xiaomi\documents\of_v0.9.7_vs_release\of_v0.9.7_vs_release\libs\openframeworks\math\ofVec2f.h : warning C4819: The file contains a character that cannot be represented in the current code page (936). Save the file in Unicode format to prevent data loss (compiling source file src\ofApp.cpp)
c:\users\xiaomi\documents\of_v0.9.7_vs_release\of_v0.9.7_vs_release\libs\openframeworks\math\ofVec3f.h : warning C4819: The file contains a character that cannot be represented in the current code page (936). Save the file in Unicode format to prevent data loss (compiling source file ..\..\..\addons\ofxJSON\src\ofxJSONElement.cpp)
c:\users\xiaomi\documents\of_v0.9.7_vs_release\of_v0.9.7_vs_release\libs\openframeworks\math\ofVec2f.h : warning C4819: The file contains a character that cannot be represented in the current code page (936). Save the file in Unicode format to prevent data loss (compiling source file ..\..\..\addons\ofxJSON\src\ofxJSONElement.cpp)
     Creating library bin\OpenWeatherData_debug.lib and object bin\OpenWeatherData_debug.exp
  OpenWeatherData.vcxproj -> C:\Users\xiaomi\Documents\of_v0.9.7_vs_release\of_v0.9.7_vs_release\apps\myApps\OpenWeatherData\bin\OpenWeatherData_debug.exe
  OpenWeatherData.vcxproj -> bin\OpenWeatherData_debug.pdb (Full PDB)
  
  	                   9	C:\Users\xiaomi\Documents\of_v0.9.7_vs_release\of_v0.9.7_vs_release\export\vs\Win32\
  	    New File  		 2939392	C:\Users\xiaomi\Documents\of_v0.9.7_vs_release\of_v0.9.7_vs_release\export\vs\Win32\assimp.dll
  	    New File  		 1266176	C:\Users\xiaomi\Documents\of_v0.9.7_vs_release\of_v0.9.7_vs_release\export\vs\Win32\fmodex.dll
  	    New File  		 1312768	C:\Users\xiaomi\Documents\of_v0.9.7_vs_release\of_v0.9.7_vs_release\export\vs\Win32\fmodexL.dll
  	    New File  		 5647872	C:\Users\xiaomi\Documents\of_v0.9.7_vs_release\of_v0.9.7_vs_release\export\vs\Win32\FreeImage.dll
  	    New File  		  580608	C:\Users\xiaomi\Documents\of_v0.9.7_vs_release\of_v0.9.7_vs_release\export\vs\Win32\freetype.dll
  	    New File  		  237568	C:\Users\xiaomi\Documents\of_v0.9.7_vs_release\of_v0.9.7_vs_release\export\vs\Win32\glut32.dll
  	    New File  		 1178624	C:\Users\xiaomi\Documents\of_v0.9.7_vs_release\of_v0.9.7_vs_release\export\vs\Win32\libeay32.dll
  	    New File  		  269824	C:\Users\xiaomi\Documents\of_v0.9.7_vs_release\of_v0.9.7_vs_release\export\vs\Win32\ssleay32.dll
  	    New File  		   69632	C:\Users\xiaomi\Documents\of_v0.9.7_vs_release\of_v0.9.7_vs_release\export\vs\Win32\Zlib.dll
